[    0.000000] Linux version 4.15.0-212-generic (buildd@lcy02-amd64-083) (gcc version 7.5.0 (Ubuntu 7.5.0-3ubuntu1~18.04)) #223-Ubuntu SMP Tue May 23 13:09:22 UTC 2023 (Ubuntu 4.15.0-212.223-generic 4.15.18)
[    0.000000] Command line: BOOT_IMAGE=/boot/vmlinuz-4.15.0-212-generic root=LABEL=cloudimg-rootfs ro console=tty1 console=ttyS0
[    0.000000] KERNEL supported cpus:
[    0.000000]   Intel GenuineIntel
[    0.000000]   AMD AuthenticAMD
[    0.000000]   Centaur CentaurHauls
[    0.000000] x86/fpu: x87 FPU will use FXSAVE
[    0.000000] e820: BIOS-provided physical RAM map:
[    0.000000] BIOS-e820: [mem 0x0000000000000000-0x000000000009fbff] usable
[    0.000000] BIOS-e820: [mem 0x000000000009fc00-0x000000000009ffff] reserved
[    0.000000] BIOS-e820: [mem 0x00000000000f0000-0x00000000000fffff] reserved
[    0.000000] BIOS-e820: [mem 0x0000000000100000-0x000000003ffeffff] usable
[    0.000000] BIOS-e820: [mem 0x000000003fff0000-0x000000003fffffff] ACPI data
[    0.000000] BIOS-e820: [mem 0x00000000fec00000-0x00000000fec00fff] reserved
[    0.000000] BIOS-e820: [mem 0x00000000fee00000-0x00000000fee00fff] reserved
[    0.000000] BIOS-e820: [mem 0x00000000fffc0000-0x00000000ffffffff] reserved
[    0.000000] NX (Execute Disable) protection: active
[    0.000000] SMBIOS 2.5 present.
[    0.000000] DMI: innotek GmbH VirtualBox/VirtualBox, BIOS VirtualBox 12/01/2006
[    0.000000] Hypervisor detected: KVM
[    0.000000] e820: last_pfn = 0x3fff0 max_arch_pfn = 0x400000000
[    0.000000] MTRR: Disabled
[    0.000000] x86/PAT: MTRRs disabled, skipping PAT initialization too.
[    0.000000] CPU MTRRs all blank - virtualized system.
[    0.000000] x86/PAT: Configuration [0-7]: WB  WT  UC- UC  WB  WT  UC- UC  
[    0.000000] found SMP MP-table at [mem 0x0009fff0-0x0009ffff]
[    0.000000] Scanning 1 areas for low memory corruption
[    0.000000] RAMDISK: [mem 0x359cb000-0x36cdcfff]
[    0.000000] ACPI: Early table checksum verification disabled
[    0.000000] ACPI: RSDP 0x00000000000E0000 000024 (v02 VBOX  )
[    0.000000] ACPI: XSDT 0x000000003FFF0030 00003C (v01 VBOX   VBOXXSDT 00000001 ASL  00000061)
[    0.000000] ACPI: FACP 0x000000003FFF00F0 0000F4 (v04 VBOX   VBOXFACP 00000001 ASL  00000061)
[    0.000000] ACPI: DSDT 0x000000003FFF0610 002353 (v02 VBOX   VBOXBIOS 00000002 INTL 20100528)
[    0.000000] ACPI: FACS 0x000000003FFF0200 000040
[    0.000000] ACPI: FACS 0x000000003FFF0200 000040
[    0.000000] ACPI: APIC 0x000000003FFF0240 00005C (v02 VBOX   VBOXAPIC 00000001 ASL  00000061)
[    0.000000] ACPI: SSDT 0x000000003FFF02A0 00036C (v01 VBOX   VBOXCPUT 00000002 INTL 20100528)
[    0.000000] ACPI: Reserving FACP table memory at [mem 0x3fff00f0-0x3fff01e3]
[    0.000000] ACPI: Reserving DSDT table memory at [mem 0x3fff0610-0x3fff2962]
[    0.000000] ACPI: Reserving FACS table memory at [mem 0x3fff0200-0x3fff023f]
[    0.000000] ACPI: Reserving FACS table memory at [mem 0x3fff0200-0x3fff023f]
[    0.000000] ACPI: Reserving APIC table memory at [mem 0x3fff0240-0x3fff029b]
[    0.000000] ACPI: Reserving SSDT table memory at [mem 0x3fff02a0-0x3fff060b]
[    0.000000] No NUMA configuration found
[    0.000000] Faking a node at [mem 0x0000000000000000-0x000000003ffeffff]
[    0.000000] NODE_DATA(0) allocated [mem 0x3ffc5000-0x3ffeffff]
[    0.000000] kvm-clock: cpu 0, msr 0:3ff44001, primary cpu clock
[    0.000000] kvm-clock: Using msrs 4b564d01 and 4b564d00
[    0.000000] kvm-clock: using sched offset of 5870677769 cycles
[    0.000000] clocksource: kvm-clock: mask: 0xffffffffffffffff max_cycles: 0x1cd42e4dffb, max_idle_ns: 881590591483 ns
[    0.000000] Zone ranges:
[    0.000000]   DMA      [mem 0x0000000000001000-0x0000000000ffffff]
[    0.000000]   DMA32    [mem 0x0000000001000000-0x000000003ffeffff]
[    0.000000]   Normal   empty
[    0.000000]   Device   empty
[    0.000000] Movable zone start for each node
[    0.000000] Early memory node ranges
[    0.000000]   node   0: [mem 0x0000000000001000-0x000000000009efff]
[    0.000000]   node   0: [mem 0x0000000000100000-0x000000003ffeffff]
[    0.000000] Reserved but unavailable: 104 pages
[    0.000000] Initmem setup node 0 [mem 0x0000000000001000-0x000000003ffeffff]
[    0.000000] ACPI: PM-Timer IO Port: 0x4008
[    0.000000] IOAPIC[0]: apic_id 2, version 32, address 0xfec00000, GSI 0-23
[    0.000000] ACPI: INT_SRC_OVR (bus 0 bus_irq 0 global_irq 2 dfl dfl)
[    0.000000] ACPI: INT_SRC_OVR (bus 0 bus_irq 9 global_irq 9 low level)
[    0.000000] Using ACPI (MADT) for SMP configuration information
[    0.000000] smpboot: Allowing 2 CPUs, 0 hotplug CPUs
[    0.000000] PM: Registered nosave memory: [mem 0x00000000-0x00000fff]
[    0.000000] PM: Registered nosave memory: [mem 0x0009f000-0x0009ffff]
[    0.000000] PM: Registered nosave memory: [mem 0x000a0000-0x000effff]
[    0.000000] PM: Registered nosave memory: [mem 0x000f0000-0x000fffff]
[    0.000000] e820: [mem 0x40000000-0xfebfffff] available for PCI devices
[    0.000000] Booting paravirtualized kernel on KVM
[    0.000000] clocksource: refined-jiffies: mask: 0xffffffff max_cycles: 0xffffffff, max_idle_ns: 7645519600211568 ns
[    0.000000] setup_percpu: NR_CPUS:8192 nr_cpumask_bits:2 nr_cpu_ids:2 nr_node_ids:1
[    0.000000] percpu: Embedded 50 pages/cpu s167936 r8192 d28672 u1048576
[    0.000000] PV qspinlock hash table entries: 256 (order: 0, 4096 bytes)
[    0.000000] Built 1 zonelists, mobility grouping on.  Total pages: 257913
[    0.000000] Policy zone: DMA32
[    0.000000] Kernel command line: BOOT_IMAGE=/boot/vmlinuz-4.15.0-212-generic root=LABEL=cloudimg-rootfs ro console=tty1 console=ttyS0
[    0.000000] Memory: 982644K/1048120K available (12300K kernel code, 2477K rwdata, 4324K rodata, 2480K init, 2720K bss, 65476K reserved, 0K cma-reserved)
[    0.000000] SLUB: HWalign=64, Order=0-3, MinObjects=0, CPUs=2, Nodes=1
[    0.000000] Kernel/User page tables isolation: enabled
[    0.000000] ftrace: allocating 39508 entries in 155 pages
[    0.004000] Hierarchical RCU implementation.
[    0.004000] 	RCU restricting CPUs from NR_CPUS=8192 to nr_cpu_ids=2.
[    0.004000] 	Tasks RCU enabled.
[    0.004000] RCU: Adjusting geometry for rcu_fanout_leaf=16, nr_cpu_ids=2
[    0.004000] NR_IRQS: 524544, nr_irqs: 440, preallocated irqs: 16
[    0.004000] random: crng init done
[    0.004000] Console: colour VGA+ 80x25
[    0.004000] console [tty1] enabled
[    0.004000] console [ttyS0] enabled
[    0.004000] ACPI: Core revision 20170831
[    0.004000] ACPI: 2 ACPI AML tables successfully acquired and loaded
[    0.004000] APIC: Switch to symmetric I/O mode setup
[    0.004000] ..TIMER: vector=0x30 apic1=0 pin1=2 apic2=-1 pin2=-1
[    0.004009] tsc: Detected 2399.998 MHz processor
[    0.008015] Calibrating delay loop (skipped) preset value.. 4799.99 BogoMIPS (lpj=9599992)
[    0.012012] pid_max: default: 32768 minimum: 301
[    0.016160] Security Framework initialized
[    0.020008] Yama: becoming mindful.
[    0.024186] AppArmor: AppArmor initialized
[    0.037542] Dentry cache hash table entries: 131072 (order: 8, 1048576 bytes)
[    0.046460] Inode-cache hash table entries: 65536 (order: 7, 524288 bytes)
[    0.048162] Mount-cache hash table entries: 2048 (order: 2, 16384 bytes)
[    0.056125] Mountpoint-cache hash table entries: 2048 (order: 2, 16384 bytes)
[    0.066550] Last level iTLB entries: 4KB 64, 2MB 8, 4MB 8
[    0.068007] Last level dTLB entries: 4KB 64, 2MB 0, 4MB 0, 1GB 4
[    0.072011] Spectre V1 : Mitigation: usercopy/swapgs barriers and __user pointer sanitization
[    0.076008] Spectre V2 : Mitigation: Retpolines
[    0.080043] Spectre V2 : Spectre v2 / SpectreRSB mitigation: Filling RSB on context switch
[    0.084009] Spectre V2 : Spectre v2 / SpectreRSB : Filling RSB on VMEXIT
[    0.092006] RETBleed: WARNING: Spectre v2 mitigation leaves CPU vulnerable to RETBleed attacks, data leaks possible!
[    0.096008] RETBleed: Vulnerable
[    0.100009] Speculative Store Bypass: Vulnerable
[    0.108039] MDS: Mitigation: Clear CPU buffers
[    0.112008] MMIO Stale Data: Mitigation: Clear CPU buffers
[    0.120011] SRBDS: Unknown: Dependent on hypervisor status
[    0.124490] Freeing SMP alternatives memory: 36K
[    0.250656] smpboot: CPU0: Intel(R) Core(TM) i3-7100U CPU @ 2.40GHz (family: 0x6, model: 0x8e, stepping: 0x9)
[    0.256102] Performance Events: unsupported p6 CPU model 142 no PMU driver, software events only.
[    0.260192] Hierarchical SRCU implementation.
[    0.265439] NMI watchdog: Perf event create on CPU 0 failed with -2
[    0.268007] NMI watchdog: Perf NMI watchdog permanently disabled
[    0.276789] smp: Bringing up secondary CPUs ...
[    0.281560] x86: Booting SMP configuration:
[    0.288009] .... node  #0, CPUs:      #1
[    0.004000] kvm-clock: cpu 1, msr 0:3ff44041, secondary cpu clock
[    0.308000] TSC synchronization [CPU#0 -> CPU#1]:
[    0.308000] Measured 91575 cycles TSC warp between CPUs, turning off TSC clock.
[    0.308000] tsc: Marking TSC unstable due to check_tsc_sync_source failed
[    0.316478] smp: Brought up 1 node, 2 CPUs
[    0.320012] smpboot: Max logical packages: 1
[    0.324010] smpboot: Total of 2 processors activated (9599.99 BogoMIPS)
[    0.332865] devtmpfs: initialized
[    0.336158] x86/mm: Memory block size: 128MB
[    0.344317] evm: security.selinux
[    0.348009] evm: security.SMACK64
[    0.352010] evm: security.SMACK64EXEC
[    0.356006] evm: security.SMACK64TRANSMUTE
[    0.360009] evm: security.SMACK64MMAP
[    0.364006] evm: security.apparmor
[    0.368007] evm: security.ima
[    0.372010] evm: security.capability
[    0.380852] clocksource: jiffies: mask: 0xffffffff max_cycles: 0xffffffff, max_idle_ns: 7645041785100000 ns
[    0.384027] futex hash table entries: 512 (order: 3, 32768 bytes)
[    0.388388] pinctrl core: initialized pinctrl subsystem
[    0.396486] RTC time: 18:01:53, date: 11/05/23
[    0.402286] NET: Registered protocol family 16
[    0.404252] audit: initializing netlink subsys (disabled)
[    0.412202] audit: type=2000 audit(1699207318.731:1): state=initialized audit_enabled=0 res=1
[    0.432047] cpuidle: using governor ladder
[    0.436020] cpuidle: using governor menu
[    0.440113] ACPI: bus type PCI registered
[    0.444008] acpiphp: ACPI Hot Plug PCI Controller Driver version: 0.5
[    0.449121] PCI: Using configuration type 1 for base access
[    0.464396] HugeTLB registered 2.00 MiB page size, pre-allocated 0 pages
[    0.476697] ACPI: Added _OSI(Module Device)
[    0.492019] ACPI: Added _OSI(Processor Device)
[    0.504010] ACPI: Added _OSI(3.0 _SCP Extensions)
[    0.520011] ACPI: Added _OSI(Processor Aggregator Device)
[    0.536178] ACPI: Added _OSI(Linux-Dell-Video)
[    0.560015] ACPI: Added _OSI(Linux-Lenovo-NV-HDMI-Audio)
[    0.584015] ACPI: Added _OSI(Linux-HPI-Hybrid-Graphics)
[    0.604929] ACPI: Executed 1 blocks of module-level executable AML code
[    0.638677] ACPI: Interpreter enabled
[    0.640061] ACPI: (supports S0 S5)
[    0.640061] ACPI: Using IOAPIC for interrupt routing
[    0.665245] PCI: Using host bridge windows from ACPI; if necessary, use "pci=nocrs" and report a bug
[    0.704561] ACPI: Enabled 2 GPEs in block 00 to 07
[    0.793694] ACPI: PCI Root Bridge [PCI0] (domain 0000 [bus 00-ff])
[    0.812023] acpi PNP0A03:00: _OSC: OS supports [ASPM ClockPM Segments MSI]
[    0.844935] acpi PNP0A03:00: _OSC: not requesting OS control; OS requires [ExtendedConfig ASPM ClockPM MSI]
[    0.896104] acpi PNP0A03:00: fail to add MMCONFIG information, can't access extended PCI configuration space under this bridge.
[    0.941342] PCI host bridge to bus 0000:00
[    0.956016] pci_bus 0000:00: root bus resource [io  0x0000-0x0cf7 window]
[    0.984016] pci_bus 0000:00: root bus resource [io  0x0d00-0xffff window]
[    1.004018] pci_bus 0000:00: root bus resource [mem 0x000a0000-0x000bffff window]
[    1.028015] pci_bus 0000:00: root bus resource [mem 0x40000000-0xfdffffff window]
[    1.052016] pci_bus 0000:00: root bus resource [bus 00-ff]
[    1.088933] pci 0000:00:01.1: legacy IDE quirk: reg 0x10: [io  0x01f0-0x01f7]
[    1.108016] pci 0000:00:01.1: legacy IDE quirk: reg 0x14: [io  0x03f6]
[    1.124012] pci 0000:00:01.1: legacy IDE quirk: reg 0x18: [io  0x0170-0x0177]
[    1.140015] pci 0000:00:01.1: legacy IDE quirk: reg 0x1c: [io  0x0376]
[    1.206734] pci 0000:00:07.0: quirk: [io  0x4000-0x403f] claimed by PIIX4 ACPI
[    1.224096] pci 0000:00:07.0: quirk: [io  0x4100-0x410f] claimed by PIIX4 SMB
[    1.258822] ACPI: PCI Interrupt Link [LNKA] (IRQs 5 9 10 *11)
[    1.273443] ACPI: PCI Interrupt Link [LNKB] (IRQs 5 9 *10 11)
[    1.284507] ACPI: PCI Interrupt Link [LNKC] (IRQs 5 *9 10 11)
[    1.296587] ACPI: PCI Interrupt Link [LNKD] (IRQs 5 9 10 *11)
[    1.313182] SCSI subsystem initialized
[    1.324417] pci 0000:00:02.0: vgaarb: setting as boot VGA device
[    1.328000] pci 0000:00:02.0: vgaarb: VGA device added: decodes=io+mem,owns=io+mem,locks=none
[    1.356017] pci 0000:00:02.0: vgaarb: bridge control possible
[    1.368010] vgaarb: loaded
[    1.376107] ACPI: bus type USB registered
[    1.384042] usbcore: registered new interface driver usbfs
[    1.400090] usbcore: registered new interface driver hub
[    1.412059] usbcore: registered new device driver usb
[    1.424364] EDAC MC: Ver: 3.0.0
[    1.436662] PCI: Using ACPI for IRQ routing
[    1.448790] NetLabel: Initializing
[    1.460010] NetLabel:  domain hash size = 128
[    1.468008] NetLabel:  protocols = UNLABELED CIPSOv4 CALIPSO
[    1.480255] NetLabel:  unlabeled traffic allowed by default
[    1.496519] clocksource: Switched to clocksource kvm-clock
[    1.601802] VFS: Disk quotas dquot_6.6.0
[    1.609269] VFS: Dquot-cache hash table entries: 512 (order 0, 4096 bytes)
[    1.624875] AppArmor: AppArmor Filesystem Enabled
[    1.637310] pnp: PnP ACPI init
[    1.651089] pnp: PnP ACPI: found 3 devices
[    1.674542] clocksource: acpi_pm: mask: 0xffffff max_cycles: 0xffffff, max_idle_ns: 2085701024 ns
[    1.691736] NET: Registered protocol family 2
[    1.701619] IP idents hash table entries: 16384 (order: 5, 131072 bytes)
[    1.712909] TCP established hash table entries: 8192 (order: 4, 65536 bytes)
[    1.726383] TCP bind hash table entries: 8192 (order: 5, 131072 bytes)
[    1.738517] TCP: Hash tables configured (established 8192 bind 8192)
[    1.750913] UDP hash table entries: 512 (order: 2, 16384 bytes)
[    1.761549] UDP-Lite hash table entries: 512 (order: 2, 16384 bytes)
[    1.773676] NET: Registered protocol family 1
[    1.780897] pci 0000:00:00.0: Limiting direct PCI/PCI transfers
[    1.792353] pci 0000:00:01.0: Activating ISA DMA hang workarounds
[    1.804852] pci 0000:00:02.0: Video device with shadowed ROM at [mem 0x000c0000-0x000dffff]
[    1.819769] Unpacking initramfs...
[    2.472309] Freeing initrd memory: 19528K
[    2.580603] clocksource: tsc: mask: 0xffffffffffffffff max_cycles: 0x229835b7123, max_idle_ns: 440795242976 ns
[    2.597273] platform rtc_cmos: registered platform RTC device (no PNP device found)
[    2.610568] Scanning for low memory corruption every 60 seconds
[    2.623852] Initialise system trusted keyrings
[    2.632169] Key type blacklist registered
[    2.641001] workingset: timestamp_bits=36 max_order=18 bucket_order=0
[    2.655045] zbud: loaded
[    2.663487] squashfs: version 4.0 (2009/01/31) Phillip Lougher
[    2.676911] fuse init (API version 7.26)
[    2.724970] Key type asymmetric registered
[    2.732857] Asymmetric key parser 'x509' registered
[    2.741204] Block layer SCSI generic (bsg) driver version 0.4 loaded (major 246)
[    2.757480] io scheduler noop registered
[    2.766021] io scheduler deadline registered
[    2.774408] io scheduler cfq registered (default)
[    2.784630] ACPI: AC Adapter [AC] (on-line)
[    2.792074] input: Power Button as /devices/LNXSYSTM:00/LNXPWRBN:00/input/input0
[    2.806893] ACPI: Power Button [PWRF]
[    2.814113] input: Sleep Button as /devices/LNXSYSTM:00/LNXSLPBN:00/input/input1
[    2.826748] ACPI: Sleep Button [SLPF]
[    2.836146] Serial: 8250/16550 driver, 32 ports, IRQ sharing enabled
[    2.839508] ACPI: Battery Slot [BAT0] (battery present)
[    2.896857] 00:02: ttyS0 at I/O 0x3f8 (irq = 4, base_baud = 115200) is a 16550A
[    2.912070] Linux agpgart interface v0.103
[    2.930273] loop: module loaded
[    2.945258] scsi host0: ata_piix
[    2.954971] scsi host1: ata_piix
[    2.963859] ata1: PATA max UDMA/33 cmd 0x1f0 ctl 0x3f6 bmdma 0xd000 irq 14
[    2.994480] ata2: PATA max UDMA/33 cmd 0x170 ctl 0x376 bmdma 0xd008 irq 15
[    3.011957] tun: Universal TUN/TAP device driver, 1.6
[    3.027675] PPP generic driver version 2.4.2
[    3.038750] ehci_hcd: USB 2.0 'Enhanced' Host Controller (EHCI) Driver
[    3.051561] ehci-pci: EHCI PCI platform driver
[    3.060099] ehci-platform: EHCI generic platform driver
[    3.070574] ohci_hcd: USB 1.1 'Open' Host Controller (OHCI) Driver
[    3.080694] ohci-pci: OHCI PCI platform driver
[    3.089787] ohci-platform: OHCI generic platform driver
[    3.101938] uhci_hcd: USB Universal Host Controller Interface driver
[    3.116884] i8042: PNP: PS/2 Controller [PNP0303:PS2K,PNP0f03:PS2M] at 0x60,0x64 irq 1,12
[    3.145067] serio: i8042 KBD port at 0x60,0x64 irq 1
[    3.154939] serio: i8042 AUX port at 0x60,0x64 irq 12
[    3.166751] mousedev: PS/2 mouse device common for all mice
[    3.178666] input: AT Translated Set 2 keyboard as /devices/platform/i8042/serio0/input/input2
[    3.264833] rtc_cmos rtc_cmos: rtc core: registered rtc_cmos as rtc0
[    3.287921] rtc_cmos rtc_cmos: alarms up to one day, 114 bytes nvram
[    3.326943] i2c /dev entries driver
[    3.337017] device-mapper: uevent: version 1.0.3
[    3.346976] device-mapper: ioctl: 4.37.0-ioctl (2017-09-20) initialised: dm-devel@redhat.com
[    3.377670] ledtrig-cpu: registered to indicate activity on CPUs
[    3.423348] NET: Registered protocol family 10
[    3.475806] Segment Routing with IPv6
[    3.489352] NET: Registered protocol family 17
[    3.509894] Key type dns_resolver registered
[    3.533677] mce: Using 0 MCE banks
[    3.546683] RAS: Correctable Errors collector initialized.
[    3.572566] sched_clock: Marking stable (3572419155, 0)->(5407613956, -1835194801)
[    3.608796] registered taskstats version 1
[    3.627449] Loading compiled-in X.509 certificates
[    3.659984] Loaded X.509 cert 'Build time autogenerated kernel key: b5b26778eaa3ab3a4a6cee031137706e947d12ad'
[    3.692406] Loaded X.509 cert 'Canonical Ltd. Live Patch Signing: 14df34d1a87cf37625abec039ef2bf521249b969'
[    3.718653] Loaded X.509 cert 'Canonical Ltd. Kernel Module Signing: 88f752e560a1e0737e31163a466ad7b70a850c19'
[    3.766105] blacklist: Loading compiled-in revocation X.509 certificates
[    3.792760] Loaded X.509 cert 'Canonical Ltd. Secure Boot Signing: 61482aa2830d0ab2ad5af10b7250da9033ddcef0'
[    3.819312] Loaded X.509 cert 'Canonical Ltd. Secure Boot Signing (2017): 242ade75ac4a15e50d50c84b0d45ff3eae707a03'
[    3.845506] Loaded X.509 cert 'Canonical Ltd. Secure Boot Signing (ESM 2018): 365188c1d374d6b07c3c8f240f8ef722433d6a8b'
[    3.866745] Loaded X.509 cert 'Canonical Ltd. Secure Boot Signing (2019): c0746fd6c5da3ae827864651ad66ae47fe24b3e8'
[    3.893520] Loaded X.509 cert 'Canonical Ltd. Secure Boot Signing (2021 v1): a8d54bbb3825cfb94fa13c9f8a594a195c107b8d'
[    3.918477] Loaded X.509 cert 'Canonical Ltd. Secure Boot Signing (2021 v2): 4cf046892d6fd3c9a5b03f98d845f90851dc6a8c'
[    3.943106] Loaded X.509 cert 'Canonical Ltd. Secure Boot Signing (2021 v3): 100437bb6de6e469b581e61cd66bce3ef4ed53af'
[    3.969492] Loaded X.509 cert 'Canonical Ltd. Secure Boot Signing (Ubuntu Core 2019): c1d57b8f6b743f23ee41f4f7ee292f06eecadfb9'
[    3.992392] zswap: loaded using pool lzo/zbud
[    4.035549] Key type big_key registered
[    4.043706] Key type trusted registered
[    4.062716] Key type encrypted registered
[    4.071411] AppArmor: AppArmor sha1 policy hashing enabled
[    4.081605] ima: No TPM chip found, activating TPM-bypass! (rc=-19)
[    4.094221] ima: Allocated hash algorithm: sha1
[    4.104839] evm: HMAC attrs: 0x1
[    4.113268]   Magic number: 15:277:38
[    4.120763] bdi 7:3: hash matches
[    4.128840] rtc_cmos rtc_cmos: setting system clock to 2023-11-05 18:01:56 UTC (1699207316)
[    4.145611] BIOS EDD facility v0.16 2004-Jun-25, 0 devices found
[    4.157734] EDD information not available.
[    4.173458] Freeing unused kernel image memory: 2480K
[    4.196407] Write protecting the kernel read-only data: 20480k
[    4.210456] Freeing unused kernel image memory: 2008K
[    4.230803] Freeing unused kernel image memory: 1820K
[    4.259079] x86/mm: Checked W+X mappings: passed, no W+X pages found.
[    4.270931] x86/mm: Checking user space page tables
[    4.291307] x86/mm: Checked W+X mappings: passed, no W+X pages found.
Loading, please wait...
starting version 237
[    4.506658] e1000: Intel(R) PRO/1000 Network Driver - version 7.3.21-k8-NAPI
[    4.524714] e1000: Copyright (c) 1999-2006 Intel Corporation.
[    4.559362] Fusion MPT base driver 3.04.20
[    4.566369] Copyright (c) 1999-2008 LSI Corporation
[    4.650748] Fusion MPT SPI Host driver 3.04.20
[    4.661333] SSE version of gcm_enc/dec engaged.
[    4.879244] input: ImExPS/2 Generic Explorer Mouse as /devices/platform/i8042/serio1/input/input4
[    5.894841] e1000 0000:00:03.0 eth0: (PCI:33MHz:32-bit) 02:3b:7b:b7:3b:2d
[    5.908965] e1000 0000:00:03.0 eth0: Intel(R) PRO/1000 Network Connection
[    5.933277] mptbase: ioc0: Initiating bringup
[    5.946996] e1000 0000:00:03.0 enp0s3: renamed from eth0
[    6.070538] ioc0: LSI53C1030 A0: Capabilities={Initiator}
[    6.361779] scsi host2: ioc0: LSI53C1030 A0, FwRev=00000000h, Ports=1, MaxQ=256, IRQ=20
[    6.547535] scsi 2:0:0:0: Direct-Access     VBOX     HARDDISK         1.0  PQ: 0 ANSI: 5
[    6.604930] scsi target2:0:0: Beginning Domain Validation
[    6.640790] scsi target2:0:0: Domain Validation skipping write tests
[    6.654514] scsi target2:0:0: Ending Domain Validation
[    6.671420] scsi target2:0:0: asynchronous
[    6.686653] scsi 2:0:1:0: Direct-Access     VBOX     HARDDISK         1.0  PQ: 0 ANSI: 5
[    6.732725] scsi target2:0:1: Beginning Domain Validation
[    6.761972] scsi target2:0:1: Domain Validation skipping write tests
[    6.775490] scsi target2:0:1: Ending Domain Validation
[    6.787548] scsi target2:0:1: asynchronous
[    6.824767] sd 2:0:0:0: Attached scsi generic sg0 type 0
[    6.826444] sd 2:0:0:0: [sda] 83886080 512-byte logical blocks: (42.9 GB/40.0 GiB)
[    6.850804] sd 2:0:0:0: [sda] Write Protect is off
[    6.865408] sd 2:0:1:0: Attached scsi generic sg1 type 0
[    6.873168] sd 2:0:0:0: [sda] Incomplete mode parameter data
[    6.893077] sd 2:0:0:0: [sda] Assuming drive cache: write through
[    6.922933] sd 2:0:1:0: [sdb] 20480 512-byte logical blocks: (10.5 MB/10.0 MiB)
[    6.928875]  sda: sda1
[    6.946637] sd 2:0:1:0: [sdb] Write Protect is off
[    6.951919] sd 2:0:0:0: [sda] Attached SCSI disk
[    6.969294] sd 2:0:1:0: [sdb] Incomplete mode parameter data
[    6.979184] sd 2:0:1:0: [sdb] Assuming drive cache: write through
[    7.008892] sd 2:0:1:0: [sdb] Attached SCSI disk
Begin: Loading essential drivers ... [   10.463091] raid6: sse2x1   gen() 98066 MB/s
[   12.453352] raid6: sse2x1   xor() 87319 MB/s
[   13.458390] raid6: sse2x2   gen() 143165 MB/s
[   14.461581] raid6: sse2x2   xor() 137502 MB/s
[   15.505782] raid6: sse2x4   gen()  6122 MB/s
[   15.570083] raid6: sse2x4   xor()  5203 MB/s
[   15.576650] raid6: using algorithm sse2x2 gen() 143165 MB/s
[   15.584865] raid6: .... xor() 137502 MB/s, rmw enabled
[   15.593021] raid6: using ssse3x2 recovery algorithm
[   15.604282] xor: measuring software checksum speed
[   15.648724]    prefetch64-sse: 13743.000 MB/sec
[   15.696574]    generic_sse: 14048.000 MB/sec
[   15.703519] xor: using function: generic_sse (14048.000 MB/sec)
[   15.717402] async_tx: api initialized (async)
done.
Begin: Running /scripts/init-premount ... done.
Begin: Mounting root file system ... Begin: Running /scripts/local-top ... done.
Begin: Running /scripts/local-premount ... [   15.829956] Btrfs loaded, crc32c=crc32c-intel
Scanning for Btrfs filesystems
done.
Warning: fsck not present, so skipping root file system
[   15.945212] EXT4-fs (sda1): INFO: recovery required on readonly filesystem
[   15.955352] EXT4-fs (sda1): write access will be enabled during recovery
[   15.998583] EXT4-fs (sda1): recovery complete
[   16.006523] EXT4-fs (sda1): mounted filesystem with ordered data mode. Opts: (null)
done.
Begin: Running /scripts/local-bottom ... done.
Begin: Running /scripts/init-bottom ... done.
[   16.437137] ip_tables: (C) 2000-2006 Netfilter Core Team
[   16.476748] systemd[1]: systemd 237 running in system mode. (+PAM +AUDIT +SELINUX +IMA +APPARMOR +SMACK +SYSVINIT +UTMP +LIBCRYPTSETUP +GCRYPT +GNUTLS +ACL +XZ +LZ4 +SECCOMP +BLKID +ELFUTILS +KMOD -IDN2 +IDN -PCRE2 default-hierarchy=hybrid)
[   16.506965] systemd[1]: Detected virtualization oracle.
[   16.515189] systemd[1]: Detected architecture x86-64.

Welcome to [1mUbuntu 18.04.6 LTS[0m!

[   16.571083] systemd[1]: Set hostname to <ubuntu-bionic>.
[   17.149665] systemd[1]: Set up automount Arbitrary Executable File Formats File System Automount Point.
[[0;32m  OK  [0m] Set up automount Arbitrary Executab…rmats File System Automount Point.
[   17.187626] systemd[1]: Created slice User and Session Slice.
[[0;32m  OK  [0m] Created slice User and Session Slice.
[   17.200495] systemd[1]: Created slice System Slice.
[[0;32m  OK  [0m] Created slice System Slice.
[   17.211432] systemd[1]: Listening on Device-mapper event daemon FIFOs.
[[0;32m  OK  [0m] Listening on Device-mapper event daemon FIFOs.
[   17.225905] systemd[1]: Reached target Slices.
[[0;32m  OK  [0m] Reached target Slices.
[   17.236006] systemd[1]: Listening on udev Kernel Socket.
[[0;32m  OK  [0m] Listening on udev Kernel Socket.
[[0;32m  OK  [0m] Listening on Journal Audit Socket.
[[0;32m  OK  [0m] Listening on udev Control Socket.
[[0;32m  OK  [0m] Listening on Journal Socket (/dev/log).
[[0;32m  OK  [0m] Listening on fsck to fsckd communication Socket.
[[0;32m  OK  [0m] Listening on LVM2 poll daemon socket.
[[0;32m  OK  [0m] Listening on Syslog Socket.
[[0;32m  OK  [0m] Listening on Journal Socket.
         Mounting Huge Pages File System...
         Starting Set the console keyboard layout...
         Starting Load Kernel Modules...
         Mounting POSIX Message Queue File System...
         Mounting Kernel Debug File System...
         Starting Create list of required st…ce nodes for the current kernel...
[[0;32m  OK  [0m] Reached target Swap.
[[0;32m  OK  [0m] Listening on Network Service Netlink Socket.
[[0;32m  OK  [0m] Started Forward Password Requests to Wall Directory Watch.
         Starting udev Coldplug all Devices...
         Starting File System Check on Root Device...
[[0;32m  OK  [0m] Listening on LVM2 metadata daemon socket.
[[0;32m  OK  [0m] Reached target System Time Synchronized.
[   17.367325] Loading iSCSI transport class v2.0-870.
[[0;32m  OK  [0m] Reached target User and Group Name Lookups.
         Starting Monitoring of LVM2 mirrors…ng dmeventd or progress polling...
[[0;32m  OK  [0m] Reached target Mounting snaps.
[[0;32m  OK  [0m] Reached target Mounted snaps.
         Starting Uncomplicated firewall...
         Starting Journal Service...
[[0;32m  OK  [0m] Listening on /dev/initctl Compatibility Named Pipe.
[[0;32m  OK  [0m] Created slice system-serial\x2dgetty.slice.
[[0;32m  OK  [0m] Mounted Huge Pages File System.
[[0;32m  OK  [0m] Mounted POSIX Message Queue File System.
[[0;32m  OK  [0m] Mounted Kernel Debug File System.
[[0;32m  OK  [0m] Started Create list of required sta…vice nodes for the current kernel.
[[0;32m  OK  [0m] Started File System Check Daemon to report status.
         Starting Create Static Device Nodes in /dev...
[   17.522746] iscsi: registered transport (tcp)
[[0;32m  OK  [0m] Started Uncomplicated firewall.
[[0;32m  OK  [0m] Started File System Check on Root Device.
         Starting Remount Root and Kernel File Systems...
[[0;32m  OK  [0m] Started udev Coldplug all Devices.
[[0;32m  OK  [0m] Started Create Static Device Nodes in /dev.
[[0;32m  OK  [0m] Started LVM2 metadata daemon.
[[0;32m  OK  [0m] Started Journal Service.
[   17.807130] EXT4-fs (sda1): re-mounted. Opts: (null)
[[0;32m  OK  [0m] Started Set the console keyboard layout.
[[0;32m  OK  [0m] Started Remount Root and Kernel File Systems.
[[0;32m  OK  [0m] Started Monitoring of LVM2 mirrors,…sing dmeventd or progress polling.
         Starting Load/Save Random Seed...
         Starting Flush Journal to Persistent Storage...
         Starting udev Kernel Device Manager...
[[0;32m  OK  [0m] Reached target Local File Systems (Pre).
[[0;32m  OK  [0m] Reached target Local File Systems.
         Starting Tell Plymouth To Write Out Runtime Data...
         Starting ebtables ruleset management...
         Starting AppArmor initialization...
         Starting Set console font and keymap...
[[0;32m  OK  [0m] Started Load/Save Random Seed.
[   17.970393] systemd-journald[413]: Received request to flush runtime journal from PID 1
[[0;32m  OK  [0m] Started Tell Plymouth To Write Out Runtime Data.
[[0;32m  OK  [0m] Started Set console font and keymap.
[[0;32m  OK  [0m] Started udev Kernel Device Manager.
[[0;32m  OK  [0m] Started Dispatch Password Requests to Console Directory Watch.
[[0;32m  OK  [0m] Reached target Local Encrypted Volumes.
[   18.096007] iscsi: registered transport (iser)
[[0;32m  OK  [0m] Started Load Kernel Modules.
         Mounting Kernel Configuration File System...
         Starting Apply Kernel Variables...
         Mounting FUSE Control File System...
[   18.137559] systemd-journald[413]: File /var/log/journal/c0e22b623b67467386882e21cf00fd0b/system.journal corrupted or uncleanly shut down, renaming and replacing.
[[0;32m  OK  [0m] Mounted Kernel Configuration File System.
[[0;32m  OK  [0m] Mounted FUSE Control File System.
[[0;32m  OK  [0m] Started Apply Kernel Variables.
[[0;32m  OK  [0m] Started ebtables ruleset management.
[[0;32m  OK  [0m] Started Flush Journal to Persistent Storage.
         Starting Create Volatile Files and Directories...
[[0;32m  OK  [0m] Started Create Volatile Files and Directories.
         Starting Update UTMP about System Boot/Shutdown...
[[0;32m  OK  [0m] Started Update UTMP about System Boot/Shutdown.
[[0;32m  OK  [0m] Started AppArmor initialization.
         Starting Load AppArmor profiles managed internally by snapd...
         Starting Initial cloud-init job (pre-networking)...
[[0;32m  OK  [0m] Found device /dev/ttyS0.
         Mounting Arbitrary Executable File Formats File System...
[[0;32m  OK  [0m] Mounted Arbitrary Executable File Formats File System.
[[0;32m  OK  [0m] Started Load AppArmor profiles managed internally by snapd.
[[0;32m  OK  [0m] Listening on Load/Save RF Kill Switch Status /dev/rfkill Watch.
[   21.782690] cloud-init[522]: Cloud-init v. 23.1.2-0ubuntu0~18.04.1 running 'init-local' at Sun, 05 Nov 2023 18:02:13 +0000. Up 21.50 seconds.
[[0;32m  OK  [0m] Started Initial cloud-init job (pre-networking).
[[0;32m  OK  [0m] Reached target Network (Pre).
         Starting Network Service...
[[0;32m  OK  [0m] Started Network Service.
         Starting Network Name Resolution...
         Starting Wait for Network to be Configured...
[[0;32m  OK  [0m] Started Network Name Resolution.
[[0;32m  OK  [0m] Reached target Host and Network Name Lookups.
[[0;32m  OK  [0m] Reached target Network.
[[0;32m  OK  [0m] Started Wait for Network to be Configured.
         Starting Initial cloud-init job (metadata service crawler)...
[   24.742938] cloud-init[662]: Cloud-init v. 23.1.2-0ubuntu0~18.04.1 running 'init' at Sun, 05 Nov 2023 18:02:16 +0000. Up 24.41 seconds.
[   24.751015] cloud-init[662]: ci-info: ++++++++++++++++++++++++++++++++++++++Net device info++++++++++++++++++++++++++++++++++++++
[   24.759725] cloud-init[662]: ci-info: +--------+------+----------------------------+---------------+--------+-------------------+
[   24.769002] cloud-init[662]: ci-info: | Device |  Up  |          Address           |      Mask     | Scope  |     Hw-Address    |
[   24.780663] cloud-init[662]: ci-info: +--------+------+----------------------------+---------------+--------+-------------------+
[   24.789865] cloud-init[662]: ci-info: | enp0s3 | True |         10.0.2.15          | 255.255.255.0 | global | 02:3b:7b:b7:3b:2d |
[   24.798481] cloud-init[662]: ci-info: | enp0s3 | True | fe80::3b:7bff:feb7:3b2d/64 |       .       |  link  | 02:3b:7b:b7:3b:2d |
[   24.806948] cloud-init[662]: ci-info: |   lo   | True |         127.0.0.1          |   255.0.0.0   |  host  |         .         |
[   24.815388] cloud-init[662]: ci-info: |   lo   | True |          ::1/128           |       .       |  host  |         .         |
[   24.825667] cloud-init[662]: ci-info: +--------+------+----------------------------+---------------+--------+-------------------+
[   24.834141] cloud-init[662]: ci-info: ++++++++++++++++++++++++++++Route IPv4 info+++++++++++++++++++++++++++++
[   24.841258] cloud-init[662]: ci-info: +-------+-------------+----------+-----------------+-----------+-------+
[   24.848857] cloud-init[662]: ci-info: | Route | Destination | Gateway  |     Genmask     | Interface | Flags |
[   24.856525] cloud-init[662]: ci-info: +-------+-------------+----------+-----------------+-----------+-------+
[   24.863887] cloud-init[662]: ci-info: |   0   |   0.0.0.0   | 10.0.2.2 |     0.0.0.0     |   enp0s3  |   UG  |
[   24.871022] cloud-init[662]: ci-info: |   1   |   10.0.2.0  | 0.0.0.0  |  255.255.255.0  |   enp0s3  |   U   |
[   24.877849] cloud-init[662]: ci-info: |   2   |   10.0.2.2  | 0.0.0.0  | 255.255.255.255 |   enp0s3  |   UH  |
[   24.885047] cloud-init[662]: ci-info: +-------+-------------+----------+-----------------+-----------+-------+
[   24.891756] cloud-init[662]: ci-info: +++++++++++++++++++Route IPv6 info+++++++++++++++++++
[   24.897428] cloud-init[662]: ci-info: +-------+-------------+---------+-----------+-------+
[   24.903001] cloud-init[662]: ci-info: | Route | Destination | Gateway | Interface | Flags |
[   24.908478] cloud-init[662]: ci-info: +-------+-------------+---------+-----------+-------+
[   24.915962] cloud-init[662]: ci-info: |   1   |  fe80::/64  |    ::   |   enp0s3  |   U   |
[   24.927802] cloud-init[662]: ci-info: |   3   |    local    |    ::   |   enp0s3  |   U   |
[   24.939669] cloud-init[662]: ci-info: |   4   |   ff00::/8  |    ::   |   enp0s3  |   U   |
[   24.954497] cloud-init[662]: ci-info: +-------+-------------+---------+-----------+-------+
[[0;32m  OK  [0m] Started Initial cloud-init job (metadata service crawler).
[[0;32m  OK  [0m] Reached target Cloud-config availability.
[[0;32m  OK  [0m] Reached target Network is Online.
         Starting Availability of block devices...
[[0;32m  OK  [0m] Reached target Remote File Systems (Pre).
         Mounting /vagrant...
[[0;32m  OK  [0m] Reached target System Initialization.
[[0;32m  OK  [0m] Started Daily Cleanup of Temporary Directories.
[[0;32m  OK  [0m] Listening on UUID daemon activation socket.
[[0;32m  OK  [0m] Listening on D-Bus System Message Bus Socket.
[[0;32m  OK  [0m] Started ACPI Events Check.
         Starting Socket activation for snappy daemon.
[[0;32m  OK  [0m] Listening on Open-iSCSI iscsid Socket.
         Starting LXD - unix socket.
[[0;32m  OK  [0m] Started Discard unused blocks once a week.
[[0;32m  OK  [0m] Listening on cloud-init hotplug hook socket.
[[0;32m  OK  [0m] Started Message of the Day.
[[0;32m  OK  [0m] Reached target Paths.
[[0;32m  OK  [0m] Started Daily apt download activities.
[[0;32m  OK  [0m] Started Daily apt upgrade and clean activities.
[[0;32m  OK  [0m] Listening on ACPID Listen Socket.
[[0;32m  OK  [0m] Started Ubuntu Advantage Timer for running repeated jobs.
[[0;32m  OK  [0m] Reached target Timers.
[[0;32m  OK  [0m] Started Availability of block devices.
[[0;32m  OK  [0m] Mounted /vagrant.
[[0;32m  OK  [0m] Listening on Socket activation for snappy daemon.
[[0;32m  OK  [0m] Listening on LXD - unix socket.
[[0;32m  OK  [0m] Reached target Sockets.
[[0;32m  OK  [0m] Reached target Basic System.
         Starting Login Service...
         Starting Dispatcher daemon for systemd-networkd...
         Starting Virtualbox guest utils...
         Starting Accounts Service...
[[0;32m  OK  [0m] Started Deferred execution scheduler.
         Starting System Logging Service...
[[0;32m  OK  [0m] Reached target Login Prompts (Pre).
[[0;32m  OK  [0m] Started Regular background program processing daemon.
         Starting LXD - container startup/shutdown...
         Starting OpenBSD Secure Shell server...
         Starting LSB: Record successful boot for GRUB...
         Starting Jenkins Continuous Integration Server...
[[0;32m  OK  [0m] Started FUSE filesystem for LXC.
[[0;32m  OK  [0m] Started irqbalance daemon.
[[0;32m  OK  [0m] Started D-Bus System Message Bus.
         Starting Snap Daemon...
[[0;32m  OK  [0m] Reached target Remote File Systems.
         Starting LSB: automatic crash report generation...
         Starting Permit User Sessions...
[[0;32m  OK  [0m] Started System Logging Service.
[[0;32m  OK  [0m] Started Login Service.
[[0;32m  OK  [0m] Started Unattended Upgrades Shutdown.
[[0;32m  OK  [0m] Started OpenBSD Secure Shell server.
[[0;32m  OK  [0m] Started Permit User Sessions.
         Starting Authorization Manager...
         Starting Terminate Plymouth Boot Screen...
         Starting Hold until boot process finishes up...
[[0;32m  OK  [0m] Started Hold until boot process finishes up.
         Starting Set console scheme...
[[0;32m  OK  [0m] Started Serial Getty on ttyS0.
[[0;32m  OK  [0m] Started Terminate Plymouth Boot Screen.
[[0;32m  OK  [0m] Started LSB: Record successful boot for GRUB.
[[0;32m  OK  [0m] Started Set console scheme.
[[0;32m  OK  [0m] Created slice system-getty.slice.
[[0;32m  OK  [0m] Started Getty on tty1.
[[0;32m  OK  [0m] Reached target Login Prompts.
[[0;32m  OK  [0m] Started Authorization Manager.
[[0;32m  OK  [0m] Started Accounts Service.
[[0;32m  OK  [0m] Started LSB: automatic crash report generation.
[[0;32m  OK  [0m] Started Virtualbox guest utils.
[[0;32m  OK  [0m] Created slice User Slice of vagrant.
         Starting User Manager for UID 1000...
[[0;32m  OK  [0m] Started Session 1 of user vagrant.
[[0;32m  OK  [0m] Started LXD - container startup/shutdown.
[[0;32m  OK  [0m] Started Dispatcher daemon for systemd-networkd.
[[0;32m  OK  [0m] Started User Manager for UID 1000.
[[0;1;31mFAILED[0m] Failed to start Jenkins Continuous Integration Server.
See 'systemctl status jenkins.service' for details.
[[0;32m  OK  [0m] Stopped Jenkins Continuous Integration Server.
         Starting Jenkins Continuous Integration Server...
[[0;32m  OK  [0m] Started Snap Daemon.
         Starting Wait until snapd is fully seeded...
         Starting Time & Date Service...
[[0;32m  OK  [0m] Started Time & Date Service.
[[0;32m  OK  [0m] Started Wait until snapd is fully seeded.
         Starting Apply the settings specified in cloud-config...
[[0;1;31mFAILED[0m] Failed to start Jenkins Continuous Integration Server.
See 'systemctl status jenkins.service' for details.
[[0;32m  OK  [0m] Stopped Jenkins Continuous Integration Server.
         Starting Jenkins Continuous Integration Server...
[[0;1;31mFAILED[0m] Failed to start Jenkins Continuous Integration Server.
See 'systemctl status jenkins.service' for details.
[   31.843948] cloud-init[1181]: Cloud-init v. 23.1.2-0ubuntu0~18.04.1 running 'modules:config' at Sun, 05 Nov 2023 18:02:23 +0000. Up 31.58 seconds.
[[0;32m  OK  [0m] Started Apply the settings specified in cloud-config.
[[0;32m  OK  [0m] Stopped Jenkins Continuous Integration Server.
         Starting Jenkins Continuous Integration Server...

Ubuntu 18.04.6 LTS ubuntu-bionic ttyS0

ubuntu-bionic login: [   33.487134] cloud-init[1448]: Cloud-init v. 23.1.2-0ubuntu0~18.04.1 running 'modules:final' at Sun, 05 Nov 2023 18:02:25 +0000. Up 33.21 seconds.
[   33.487327] cloud-init[1448]: Cloud-init v. 23.1.2-0ubuntu0~18.04.1 finished at Sun, 05 Nov 2023 18:02:25 +0000. Datasource DataSourceNoCloud [seed=/dev/sdb][dsmode=net].  Up 33.46 seconds
[    0.000000] Linux version 4.15.0-212-generic (buildd@lcy02-amd64-083) (gcc version 7.5.0 (Ubuntu 7.5.0-3ubuntu1~18.04)) #223-Ubuntu SMP Tue May 23 13:09:22 UTC 2023 (Ubuntu 4.15.0-212.223-generic 4.15.18)
[    0.000000] Command line: BOOT_IMAGE=/boot/vmlinuz-4.15.0-212-generic root=LABEL=cloudimg-rootfs ro console=tty1 console=ttyS0
[    0.000000] KERNEL supported cpus:
[    0.000000]   Intel GenuineIntel
[    0.000000]   AMD AuthenticAMD
[    0.000000]   Centaur CentaurHauls
[    0.000000] x86/fpu: x87 FPU will use FXSAVE
[    0.000000] e820: BIOS-provided physical RAM map:
[    0.000000] BIOS-e820: [mem 0x0000000000000000-0x000000000009fbff] usable
[    0.000000] BIOS-e820: [mem 0x000000000009fc00-0x000000000009ffff] reserved
[    0.000000] BIOS-e820: [mem 0x00000000000f0000-0x00000000000fffff] reserved
[    0.000000] BIOS-e820: [mem 0x0000000000100000-0x000000003ffeffff] usable
[    0.000000] BIOS-e820: [mem 0x000000003fff0000-0x000000003fffffff] ACPI data
[    0.000000] BIOS-e820: [mem 0x00000000fec00000-0x00000000fec00fff] reserved
[    0.000000] BIOS-e820: [mem 0x00000000fee00000-0x00000000fee00fff] reserved
[    0.000000] BIOS-e820: [mem 0x00000000fffc0000-0x00000000ffffffff] reserved
[    0.000000] NX (Execute Disable) protection: active
[    0.000000] SMBIOS 2.5 present.
[    0.000000] DMI: innotek GmbH VirtualBox/VirtualBox, BIOS VirtualBox 12/01/2006
[    0.000000] Hypervisor detected: KVM
[    0.000000] e820: last_pfn = 0x3fff0 max_arch_pfn = 0x400000000
[    0.000000] MTRR: Disabled
[    0.000000] x86/PAT: MTRRs disabled, skipping PAT initialization too.
[    0.000000] CPU MTRRs all blank - virtualized system.
[    0.000000] x86/PAT: Configuration [0-7]: WB  WT  UC- UC  WB  WT  UC- UC  
[    0.000000] found SMP MP-table at [mem 0x0009fff0-0x0009ffff]
[    0.000000] Scanning 1 areas for low memory corruption
[    0.000000] RAMDISK: [mem 0x359cb000-0x36cdcfff]
[    0.000000] ACPI: Early table checksum verification disabled
[    0.000000] ACPI: RSDP 0x00000000000E0000 000024 (v02 VBOX  )
[    0.000000] ACPI: XSDT 0x000000003FFF0030 00003C (v01 VBOX   VBOXXSDT 00000001 ASL  00000061)
[    0.000000] ACPI: FACP 0x000000003FFF00F0 0000F4 (v04 VBOX   VBOXFACP 00000001 ASL  00000061)
[    0.000000] ACPI: DSDT 0x000000003FFF0610 002353 (v02 VBOX   VBOXBIOS 00000002 INTL 20100528)
[    0.000000] ACPI: FACS 0x000000003FFF0200 000040
[    0.000000] ACPI: FACS 0x000000003FFF0200 000040
[    0.000000] ACPI: APIC 0x000000003FFF0240 00005C (v02 VBOX   VBOXAPIC 00000001 ASL  00000061)
[    0.000000] ACPI: SSDT 0x000000003FFF02A0 00036C (v01 VBOX   VBOXCPUT 00000002 INTL 20100528)
[    0.000000] ACPI: Reserving FACP table memory at [mem 0x3fff00f0-0x3fff01e3]
[    0.000000] ACPI: Reserving DSDT table memory at [mem 0x3fff0610-0x3fff2962]
[    0.000000] ACPI: Reserving FACS table memory at [mem 0x3fff0200-0x3fff023f]
[    0.000000] ACPI: Reserving FACS table memory at [mem 0x3fff0200-0x3fff023f]
[    0.000000] ACPI: Reserving APIC table memory at [mem 0x3fff0240-0x3fff029b]
[    0.000000] ACPI: Reserving SSDT table memory at [mem 0x3fff02a0-0x3fff060b]
[    0.000000] No NUMA configuration found
[    0.000000] Faking a node at [mem 0x0000000000000000-0x000000003ffeffff]
[    0.000000] NODE_DATA(0) allocated [mem 0x3ffc5000-0x3ffeffff]
[    0.000000] kvm-clock: cpu 0, msr 0:3ff44001, primary cpu clock
[    0.000000] kvm-clock: Using msrs 4b564d01 and 4b564d00
[    0.000000] kvm-clock: using sched offset of 9768994443257 cycles
[    0.000000] clocksource: kvm-clock: mask: 0xffffffffffffffff max_cycles: 0x1cd42e4dffb, max_idle_ns: 881590591483 ns
[    0.000000] Zone ranges:
[    0.000000]   DMA      [mem 0x0000000000001000-0x0000000000ffffff]
[    0.000000]   DMA32    [mem 0x0000000001000000-0x000000003ffeffff]
[    0.000000]   Normal   empty
[    0.000000]   Device   empty
[    0.000000] Movable zone start for each node
[    0.000000] Early memory node ranges
[    0.000000]   node   0: [mem 0x0000000000001000-0x000000000009efff]
[    0.000000]   node   0: [mem 0x0000000000100000-0x000000003ffeffff]
[    0.000000] Reserved but unavailable: 104 pages
[    0.000000] Initmem setup node 0 [mem 0x0000000000001000-0x000000003ffeffff]
[    0.000000] ACPI: PM-Timer IO Port: 0x4008
[    0.000000] IOAPIC[0]: apic_id 2, version 32, address 0xfec00000, GSI 0-23
[    0.000000] ACPI: INT_SRC_OVR (bus 0 bus_irq 0 global_irq 2 dfl dfl)
[    0.000000] ACPI: INT_SRC_OVR (bus 0 bus_irq 9 global_irq 9 low level)
[    0.000000] Using ACPI (MADT) for SMP configuration information
[    0.000000] smpboot: Allowing 2 CPUs, 0 hotplug CPUs
[    0.000000] PM: Registered nosave memory: [mem 0x00000000-0x00000fff]
[    0.000000] PM: Registered nosave memory: [mem 0x0009f000-0x0009ffff]
[    0.000000] PM: Registered nosave memory: [mem 0x000a0000-0x000effff]
[    0.000000] PM: Registered nosave memory: [mem 0x000f0000-0x000fffff]
[    0.000000] e820: [mem 0x40000000-0xfebfffff] available for PCI devices
[    0.000000] Booting paravirtualized kernel on KVM
[    0.000000] clocksource: refined-jiffies: mask: 0xffffffff max_cycles: 0xffffffff, max_idle_ns: 7645519600211568 ns
[    0.000000] setup_percpu: NR_CPUS:8192 nr_cpumask_bits:2 nr_cpu_ids:2 nr_node_ids:1
[    0.000000] percpu: Embedded 50 pages/cpu s167936 r8192 d28672 u1048576
[    0.000000] PV qspinlock hash table entries: 256 (order: 0, 4096 bytes)
[    0.000000] Built 1 zonelists, mobility grouping on.  Total pages: 257913
[    0.000000] Policy zone: DMA32
[    0.000000] Kernel command line: BOOT_IMAGE=/boot/vmlinuz-4.15.0-212-generic root=LABEL=cloudimg-rootfs ro console=tty1 console=ttyS0
[    0.000000] Memory: 982644K/1048120K available (12300K kernel code, 2477K rwdata, 4324K rodata, 2480K init, 2720K bss, 65476K reserved, 0K cma-reserved)
[    0.000000] SLUB: HWalign=64, Order=0-3, MinObjects=0, CPUs=2, Nodes=1
[    0.000000] Kernel/User page tables isolation: enabled
[    0.000000] ftrace: allocating 39508 entries in 155 pages
[    0.004000] Hierarchical RCU implementation.
[    0.004000] 	RCU restricting CPUs from NR_CPUS=8192 to nr_cpu_ids=2.
[    0.004000] 	Tasks RCU enabled.
[    0.004000] RCU: Adjusting geometry for rcu_fanout_leaf=16, nr_cpu_ids=2
[    0.004000] NR_IRQS: 524544, nr_irqs: 440, preallocated irqs: 16
[    0.004000] random: crng init done
[    0.004000] Console: colour VGA+ 80x25
[    0.004000] console [tty1] enabled
[    0.004000] console [ttyS0] enabled
[    0.004000] ACPI: Core revision 20170831
[    0.004000] ACPI: 2 ACPI AML tables successfully acquired and loaded
[    0.004000] APIC: Switch to symmetric I/O mode setup
[    0.008000] ..TIMER: vector=0x30 apic1=0 pin1=2 apic2=-1 pin2=-1
[    0.008008] tsc: Detected 2399.998 MHz processor
[    0.012014] Calibrating delay loop (skipped) preset value.. 4799.99 BogoMIPS (lpj=9599992)
[    0.016012] pid_max: default: 32768 minimum: 301
[    0.020047] Security Framework initialized
[    0.024009] Yama: becoming mindful.
[    0.028139] AppArmor: AppArmor initialized
[    0.032249] Dentry cache hash table entries: 131072 (order: 8, 1048576 bytes)
[    0.036095] Inode-cache hash table entries: 65536 (order: 7, 524288 bytes)
[    0.040041] Mount-cache hash table entries: 2048 (order: 2, 16384 bytes)
[    0.044017] Mountpoint-cache hash table entries: 2048 (order: 2, 16384 bytes)
[    0.054964] Last level iTLB entries: 4KB 64, 2MB 8, 4MB 8
[    0.056010] Last level dTLB entries: 4KB 64, 2MB 0, 4MB 0, 1GB 4
[    0.060015] Spectre V1 : Mitigation: usercopy/swapgs barriers and __user pointer sanitization
[    0.064018] Spectre V2 : Mitigation: Retpolines
[    0.068006] Spectre V2 : Spectre v2 / SpectreRSB mitigation: Filling RSB on context switch
[    0.072008] Spectre V2 : Spectre v2 / SpectreRSB : Filling RSB on VMEXIT
[    0.080007] RETBleed: WARNING: Spectre v2 mitigation leaves CPU vulnerable to RETBleed attacks, data leaks possible!
[    0.084015] RETBleed: Vulnerable
[    0.088009] Speculative Store Bypass: Vulnerable
[    0.092379] MDS: Mitigation: Clear CPU buffers
[    0.096010] MMIO Stale Data: Mitigation: Clear CPU buffers
[    0.100012] SRBDS: Unknown: Dependent on hypervisor status
[    0.104299] Freeing SMP alternatives memory: 36K
[    0.222203] smpboot: CPU0: Intel(R) Core(TM) i3-7100U CPU @ 2.40GHz (family: 0x6, model: 0x8e, stepping: 0x9)
[    0.224389] Performance Events: unsupported p6 CPU model 142 no PMU driver, software events only.
[    0.232091] Hierarchical SRCU implementation.
[    0.237599] NMI watchdog: Perf event create on CPU 0 failed with -2
[    0.240009] NMI watchdog: Perf NMI watchdog permanently disabled
[    0.244499] smp: Bringing up secondary CPUs ...
[    0.252825] x86: Booting SMP configuration:
[    0.256012] .... node  #0, CPUs:      #1
[    0.004000] kvm-clock: cpu 1, msr 0:3ff44041, secondary cpu clock
[    0.284000] TSC synchronization [CPU#0 -> CPU#1]:
[    0.284000] Measured 91726 cycles TSC warp between CPUs, turning off TSC clock.
[    0.284000] tsc: Marking TSC unstable due to check_tsc_sync_source failed
[    0.292703] smp: Brought up 1 node, 2 CPUs
[    0.296015] smpboot: Max logical packages: 1
[    0.300010] smpboot: Total of 2 processors activated (9599.99 BogoMIPS)
[    0.308326] devtmpfs: initialized
[    0.312150] x86/mm: Memory block size: 128MB
[    0.320481] evm: security.selinux
[    0.324228] evm: security.SMACK64
[    0.328009] evm: security.SMACK64EXEC
[    0.332004] evm: security.SMACK64TRANSMUTE
[    0.336006] evm: security.SMACK64MMAP
[    0.340007] evm: security.apparmor
[    0.344009] evm: security.ima
[    0.348006] evm: security.capability
[    0.356832] clocksource: jiffies: mask: 0xffffffff max_cycles: 0xffffffff, max_idle_ns: 7645041785100000 ns
[    0.360021] futex hash table entries: 512 (order: 3, 32768 bytes)
[    0.364077] pinctrl core: initialized pinctrl subsystem
[    0.369214] RTC time: 20:44:36, date: 11/05/23
[    0.373753] NET: Registered protocol family 16
[    0.376349] audit: initializing netlink subsys (disabled)
[    0.380293] audit: type=2000 audit(1699226844.957:1): state=initialized audit_enabled=0 res=1
[    0.408020] cpuidle: using governor ladder
[    0.412035] cpuidle: using governor menu
[    0.416533] ACPI: bus type PCI registered
[    0.420017] acpiphp: ACPI Hot Plug PCI Controller Driver version: 0.5
[    0.430792] PCI: Using configuration type 1 for base access
[    0.448806] HugeTLB registered 2.00 MiB page size, pre-allocated 0 pages
[    0.460619] ACPI: Added _OSI(Module Device)
[    0.464010] ACPI: Added _OSI(Processor Device)
[    0.468009] ACPI: Added _OSI(3.0 _SCP Extensions)
[    0.472009] ACPI: Added _OSI(Processor Aggregator Device)
[    0.476015] ACPI: Added _OSI(Linux-Dell-Video)
[    0.480012] ACPI: Added _OSI(Linux-Lenovo-NV-HDMI-Audio)
[    0.484017] ACPI: Added _OSI(Linux-HPI-Hybrid-Graphics)
[    0.493296] ACPI: Executed 1 blocks of module-level executable AML code
[    0.507069] ACPI: Interpreter enabled
[    0.508087] ACPI: (supports S0 S5)
[    0.512014] ACPI: Using IOAPIC for interrupt routing
[    0.517114] PCI: Using host bridge windows from ACPI; if necessary, use "pci=nocrs" and report a bug
[    0.520710] ACPI: Enabled 2 GPEs in block 00 to 07
[    0.554243] ACPI: PCI Root Bridge [PCI0] (domain 0000 [bus 00-ff])
[    0.556023] acpi PNP0A03:00: _OSC: OS supports [ASPM ClockPM Segments MSI]
[    0.565662] acpi PNP0A03:00: _OSC: not requesting OS control; OS requires [ExtendedConfig ASPM ClockPM MSI]
[    0.568041] acpi PNP0A03:00: fail to add MMCONFIG information, can't access extended PCI configuration space under this bridge.
[    0.573621] PCI host bridge to bus 0000:00
[    0.580026] pci_bus 0000:00: root bus resource [io  0x0000-0x0cf7 window]
[    0.584010] pci_bus 0000:00: root bus resource [io  0x0d00-0xffff window]
[    0.588010] pci_bus 0000:00: root bus resource [mem 0x000a0000-0x000bffff window]
[    0.592014] pci_bus 0000:00: root bus resource [mem 0x40000000-0xfdffffff window]
[    0.596013] pci_bus 0000:00: root bus resource [bus 00-ff]
[    0.620009] pci 0000:00:01.1: legacy IDE quirk: reg 0x10: [io  0x01f0-0x01f7]
[    0.624012] pci 0000:00:01.1: legacy IDE quirk: reg 0x14: [io  0x03f6]
[    0.628014] pci 0000:00:01.1: legacy IDE quirk: reg 0x18: [io  0x0170-0x0177]
[    0.632009] pci 0000:00:01.1: legacy IDE quirk: reg 0x1c: [io  0x0376]
[    0.686532] pci 0000:00:07.0: quirk: [io  0x4000-0x403f] claimed by PIIX4 ACPI
[    0.688092] pci 0000:00:07.0: quirk: [io  0x4100-0x410f] claimed by PIIX4 SMB
[    0.708000] ACPI: PCI Interrupt Link [LNKA] (IRQs 5 9 10 *11)
[    0.713289] ACPI: PCI Interrupt Link [LNKB] (IRQs 5 9 *10 11)
[    0.716520] ACPI: PCI Interrupt Link [LNKC] (IRQs 5 *9 10 11)
[    0.720426] ACPI: PCI Interrupt Link [LNKD] (IRQs 5 9 10 *11)
[    0.725133] SCSI subsystem initialized
[    0.732216] pci 0000:00:02.0: vgaarb: setting as boot VGA device
[    0.736000] pci 0000:00:02.0: vgaarb: VGA device added: decodes=io+mem,owns=io+mem,locks=none
[    0.736016] pci 0000:00:02.0: vgaarb: bridge control possible
[    0.740008] vgaarb: loaded
[    0.744215] ACPI: bus type USB registered
[    0.748045] usbcore: registered new interface driver usbfs
[    0.752079] usbcore: registered new interface driver hub
[    0.756033] usbcore: registered new device driver usb
[    0.764323] EDAC MC: Ver: 3.0.0
[    0.776471] PCI: Using ACPI for IRQ routing
[    0.781930] NetLabel: Initializing
[    0.784007] NetLabel:  domain hash size = 128
[    0.788008] NetLabel:  protocols = UNLABELED CIPSOv4 CALIPSO
[    0.792046] NetLabel:  unlabeled traffic allowed by default
[    0.800775] clocksource: Switched to clocksource kvm-clock
[    0.826580] VFS: Disk quotas dquot_6.6.0
[    0.826580] VFS: Dquot-cache hash table entries: 512 (order 0, 4096 bytes)
[    0.910887] AppArmor: AppArmor Filesystem Enabled
[    0.914251] pnp: PnP ACPI init
[    0.914251] pnp: PnP ACPI: found 3 devices
[    1.038534] clocksource: acpi_pm: mask: 0xffffff max_cycles: 0xffffff, max_idle_ns: 2085701024 ns
[    1.040499] NET: Registered protocol family 2
[    1.040499] IP idents hash table entries: 16384 (order: 5, 131072 bytes)
[    1.086256] TCP established hash table entries: 8192 (order: 4, 65536 bytes)
[    1.102273] TCP bind hash table entries: 8192 (order: 5, 131072 bytes)
[    1.116644] TCP: Hash tables configured (established 8192 bind 8192)
[    1.120408] UDP hash table entries: 512 (order: 2, 16384 bytes)
[    1.120408] UDP-Lite hash table entries: 512 (order: 2, 16384 bytes)
[    1.120408] NET: Registered protocol family 1
[    1.120408] pci 0000:00:00.0: Limiting direct PCI/PCI transfers
[    1.120408] pci 0000:00:01.0: Activating ISA DMA hang workarounds
[    1.120408] pci 0000:00:02.0: Video device with shadowed ROM at [mem 0x000c0000-0x000dffff]
[    1.120408] Unpacking initramfs...
[    1.990857] Freeing initrd memory: 19528K
[    2.001150] clocksource: tsc: mask: 0xffffffffffffffff max_cycles: 0x229835b7123, max_idle_ns: 440795242976 ns
[    2.020888] platform rtc_cmos: registered platform RTC device (no PNP device found)
[    2.039745] Scanning for low memory corruption every 60 seconds
[    2.054214] Initialise system trusted keyrings
[    2.062329] Key type blacklist registered
[    2.073112] workingset: timestamp_bits=36 max_order=18 bucket_order=0
[    2.089558] zbud: loaded
[    2.099255] squashfs: version 4.0 (2009/01/31) Phillip Lougher
[    2.117806] fuse init (API version 7.26)
[    2.229076] Key type asymmetric registered
[    2.239884] Asymmetric key parser 'x509' registered
[    2.250499] Block layer SCSI generic (bsg) driver version 0.4 loaded (major 246)
[    2.271274] io scheduler noop registered
[    2.282626] io scheduler deadline registered
[    2.293360] io scheduler cfq registered (default)
[    2.305356] ACPI: AC Adapter [AC] (off-line)
[    2.314135] input: Power Button as /devices/LNXSYSTM:00/LNXPWRBN:00/input/input0
[    2.337789] ACPI: Power Button [PWRF]
[    2.350458] input: Sleep Button as /devices/LNXSYSTM:00/LNXSLPBN:00/input/input1
[    2.369044] ACPI: Sleep Button [SLPF]
[    2.381069] Serial: 8250/16550 driver, 32 ports, IRQ sharing enabled
[    2.386666] ACPI: Battery Slot [BAT0] (battery present)
[    2.468742] 00:02: ttyS0 at I/O 0x3f8 (irq = 4, base_baud = 115200) is a 16550A
[    2.488396] Linux agpgart interface v0.103
[    2.509095] loop: module loaded
[    2.528502] scsi host0: ata_piix
[    2.538331] scsi host1: ata_piix
[    2.545452] ata1: PATA max UDMA/33 cmd 0x1f0 ctl 0x3f6 bmdma 0xd000 irq 14
[    2.560185] ata2: PATA max UDMA/33 cmd 0x170 ctl 0x376 bmdma 0xd008 irq 15
[    2.578079] tun: Universal TUN/TAP device driver, 1.6
[    2.593400] PPP generic driver version 2.4.2
[    2.603105] ehci_hcd: USB 2.0 'Enhanced' Host Controller (EHCI) Driver
[    2.606795] ehci-pci: EHCI PCI platform driver
[    2.606795] ehci-platform: EHCI generic platform driver
[    2.637814] ohci_hcd: USB 1.1 'Open' Host Controller (OHCI) Driver
[    2.650650] ohci-pci: OHCI PCI platform driver
[    2.654581] ohci-platform: OHCI generic platform driver
[    2.654581] uhci_hcd: USB Universal Host Controller Interface driver
[    2.654581] i8042: PNP: PS/2 Controller [PNP0303:PS2K,PNP0f03:PS2M] at 0x60,0x64 irq 1,12
[    2.654581] serio: i8042 KBD port at 0x60,0x64 irq 1
[    2.654581] serio: i8042 AUX port at 0x60,0x64 irq 12
[    2.654581] mousedev: PS/2 mouse device common for all mice
[    2.746596] rtc_cmos rtc_cmos: rtc core: registered rtc_cmos as rtc0
[    2.766278] rtc_cmos rtc_cmos: alarms up to one day, 114 bytes nvram
[    2.782997] i2c /dev entries driver
[    2.795124] device-mapper: uevent: version 1.0.3
[    2.810140] device-mapper: ioctl: 4.37.0-ioctl (2017-09-20) initialised: dm-devel@redhat.com
[    2.869683] ledtrig-cpu: registered to indicate activity on CPUs
[    2.882368] input: AT Translated Set 2 keyboard as /devices/platform/i8042/serio0/input/input2
[    2.912730] NET: Registered protocol family 10
[    2.950013] Segment Routing with IPv6
[    2.958182] NET: Registered protocol family 17
[    2.970795] Key type dns_resolver registered
[    2.983336] mce: Using 0 MCE banks
[    2.991872] RAS: Correctable Errors collector initialized.
[    3.006523] sched_clock: Marking stable (3006380324, 0)->(5375267129, -2368886805)
[    3.042910] registered taskstats version 1
[    3.056492] Loading compiled-in X.509 certificates
[    3.085715] Loaded X.509 cert 'Build time autogenerated kernel key: b5b26778eaa3ab3a4a6cee031137706e947d12ad'
[    3.108936] Loaded X.509 cert 'Canonical Ltd. Live Patch Signing: 14df34d1a87cf37625abec039ef2bf521249b969'
[    3.132142] Loaded X.509 cert 'Canonical Ltd. Kernel Module Signing: 88f752e560a1e0737e31163a466ad7b70a850c19'
[    3.153409] blacklist: Loading compiled-in revocation X.509 certificates
[    3.238623] Loaded X.509 cert 'Canonical Ltd. Secure Boot Signing: 61482aa2830d0ab2ad5af10b7250da9033ddcef0'
[    3.263245] Loaded X.509 cert 'Canonical Ltd. Secure Boot Signing (2017): 242ade75ac4a15e50d50c84b0d45ff3eae707a03'
[    3.289110] Loaded X.509 cert 'Canonical Ltd. Secure Boot Signing (ESM 2018): 365188c1d374d6b07c3c8f240f8ef722433d6a8b'
[    3.320746] Loaded X.509 cert 'Canonical Ltd. Secure Boot Signing (2019): c0746fd6c5da3ae827864651ad66ae47fe24b3e8'
[    3.348425] Loaded X.509 cert 'Canonical Ltd. Secure Boot Signing (2021 v1): a8d54bbb3825cfb94fa13c9f8a594a195c107b8d'
[    3.371321] Loaded X.509 cert 'Canonical Ltd. Secure Boot Signing (2021 v2): 4cf046892d6fd3c9a5b03f98d845f90851dc6a8c'
[    3.398449] Loaded X.509 cert 'Canonical Ltd. Secure Boot Signing (2021 v3): 100437bb6de6e469b581e61cd66bce3ef4ed53af'
[    3.418966] Loaded X.509 cert 'Canonical Ltd. Secure Boot Signing (Ubuntu Core 2019): c1d57b8f6b743f23ee41f4f7ee292f06eecadfb9'
[    3.441055] zswap: loaded using pool lzo/zbud
[    3.483479] Key type big_key registered
[    3.494837] Key type trusted registered
[    3.510976] Key type encrypted registered
[    3.521104] AppArmor: AppArmor sha1 policy hashing enabled
[    3.536002] ima: No TPM chip found, activating TPM-bypass! (rc=-19)
[    3.552900] ima: Allocated hash algorithm: sha1
[    3.565316] evm: HMAC attrs: 0x1
[    3.577846]   Magic number: 15:213:750
[    3.587503] ata_link link1: hash matches
[    3.596674]  link1: hash matches
[    3.604039] tty ttyS1: hash matches
[    3.612889] rtc_cmos rtc_cmos: setting system clock to 2023-11-05 20:44:39 UTC (1699217079)
[    3.633190] BIOS EDD facility v0.16 2004-Jun-25, 0 devices found
[    3.647298] EDD information not available.
[    3.664608] Freeing unused kernel image memory: 2480K
[    3.696267] Write protecting the kernel read-only data: 20480k
[    3.718652] Freeing unused kernel image memory: 2008K
[    3.735137] Freeing unused kernel image memory: 1820K
[    3.757965] x86/mm: Checked W+X mappings: passed, no W+X pages found.
[    3.773092] x86/mm: Checking user space page tables
[    3.794784] x86/mm: Checked W+X mappings: passed, no W+X pages found.
Loading, please wait...
starting version 237
[    4.075358] Fusion MPT base driver 3.04.20
[    4.089080] Copyright (c) 1999-2008 LSI Corporation
[    4.158913] e1000: Intel(R) PRO/1000 Network Driver - version 7.3.21-k8-NAPI
[    4.178170] e1000: Copyright (c) 1999-2006 Intel Corporation.
[    4.274169] SSE version of gcm_enc/dec engaged.
[    4.302200] Fusion MPT SPI Host driver 3.04.20
[    4.492096] input: ImExPS/2 Generic Explorer Mouse as /devices/platform/i8042/serio1/input/input4
[    6.104075] e1000 0000:00:03.0 eth0: (PCI:33MHz:32-bit) 02:3b:7b:b7:3b:2d
[    6.117506] e1000 0000:00:03.0 eth0: Intel(R) PRO/1000 Network Connection
[    6.138398] mptbase: ioc0: Initiating bringup
[    6.150724] e1000 0000:00:03.0 enp0s3: renamed from eth0
[    6.623258] ioc0: LSI53C1030 A0: Capabilities={Initiator}
[    8.024654] scsi host2: ioc0: LSI53C1030 A0, FwRev=00000000h, Ports=1, MaxQ=256, IRQ=20
[    8.222427] scsi 2:0:0:0: Direct-Access     VBOX     HARDDISK         1.0  PQ: 0 ANSI: 5
[    8.292649] scsi target2:0:0: Beginning Domain Validation
[    8.343158] scsi target2:0:0: Domain Validation skipping write tests
[    8.357362] scsi target2:0:0: Ending Domain Validation
[    8.369525] scsi target2:0:0: asynchronous
[    8.389535] scsi 2:0:1:0: Direct-Access     VBOX     HARDDISK         1.0  PQ: 0 ANSI: 5
[    8.436403] scsi target2:0:1: Beginning Domain Validation
[    8.473955] scsi target2:0:1: Domain Validation skipping write tests
[    8.488464] scsi target2:0:1: Ending Domain Validation
[    8.500471] scsi target2:0:1: asynchronous
[    8.542972] sd 2:0:0:0: Attached scsi generic sg0 type 0
[    8.556114] sd 2:0:1:0: Attached scsi generic sg1 type 0
[    8.558538] sd 2:0:1:0: [sdb] 20480 512-byte logical blocks: (10.5 MB/10.0 MiB)
[    8.569326] sd 2:0:0:0: [sda] 83886080 512-byte logical blocks: (42.9 GB/40.0 GiB)
[    8.588176] sd 2:0:1:0: [sdb] Write Protect is off
[    8.613406] sd 2:0:0:0: [sda] Write Protect is off
[    8.615265] sd 2:0:1:0: [sdb] Incomplete mode parameter data
[    8.638758] sd 2:0:1:0: [sdb] Assuming drive cache: write through
[    8.654121] sd 2:0:0:0: [sda] Incomplete mode parameter data
[    8.666185] sd 2:0:0:0: [sda] Assuming drive cache: write through
[    8.700739]  sda: sda1
[    8.708428] sd 2:0:1:0: [sdb] Attached SCSI disk
[    8.730081] sd 2:0:0:0: [sda] Attached SCSI disk
Begin: Loading essential drivers ... [   12.768174] raid6: sse2x1   gen()  4375 MB/s
[   12.824401] raid6: sse2x1   xor()  3530 MB/s
[   12.880622] raid6: sse2x2   gen()  5558 MB/s
[   12.940267] raid6: sse2x2   xor()  2658 MB/s
[   12.996750] raid6: sse2x4   gen()  6626 MB/s
[   13.052527] raid6: sse2x4   xor()  4387 MB/s
[   13.060099] raid6: using algorithm sse2x4 gen() 6626 MB/s
[   13.073036] raid6: .... xor() 4387 MB/s, rmw enabled
[   13.083759] raid6: using ssse3x2 recovery algorithm
[   13.099338] xor: measuring software checksum speed
[   14.904873]    prefetch64-sse: 27418.000 MB/sec
[   18.932922]    generic_sse: -1912083.-296 MB/sec
[   18.948246] xor: using function: prefetch64-sse (27418.000 MB/sec)
[   18.976077] async_tx: api initialized (async)
done.
Begin: Running /scripts/init-premount ... done.
Begin: Mounting root file system ... Begin: Running /scripts/local-top ... done.
Begin: Running /scripts/local-premount ... [   19.182558] Btrfs loaded, crc32c=crc32c-intel
Scanning for Btrfs filesystems
done.
Warning: fsck not present, so skipping root file system
[   19.362415] EXT4-fs (sda1): INFO: recovery required on readonly filesystem
[   19.374767] EXT4-fs (sda1): write access will be enabled during recovery
[   19.814085] EXT4-fs (sda1): orphan cleanup on readonly fs
[   19.839366] EXT4-fs (sda1): 1 orphan inode deleted
[   19.849571] EXT4-fs (sda1): recovery complete
[   19.864664] EXT4-fs (sda1): mounted filesystem with ordered data mode. Opts: (null)
done.
Begin: Running /scripts/local-bottom ... done.
Begin: Running /scripts/init-bottom ... done.
[   20.559870] ip_tables: (C) 2000-2006 Netfilter Core Team
[   20.695531] systemd[1]: systemd 237 running in system mode. (+PAM +AUDIT +SELINUX +IMA +APPARMOR +SMACK +SYSVINIT +UTMP +LIBCRYPTSETUP +GCRYPT +GNUTLS +ACL +XZ +LZ4 +SECCOMP +BLKID +ELFUTILS +KMOD -IDN2 +IDN -PCRE2 default-hierarchy=hybrid)
[   20.743200] systemd[1]: Detected virtualization oracle.
[   20.751864] systemd[1]: Detected architecture x86-64.

Welcome to [1mUbuntu 18.04.6 LTS[0m!

[   20.907512] systemd[1]: Set hostname to <ubuntu-bionic>.
[   21.901314] systemd[1]: Created slice User and Session Slice.
[[0;32m  OK  [0m] Created slice User and Session Slice.
[   21.927532] systemd[1]: Set up automount Arbitrary Executable File Formats File System Automount Point.
[[0;32m  OK  [0m] Set up automount Arbitrary Executab…rmats File System Automount Point.
[   21.973240] systemd[1]: Reached target Swap.
[[0;32m  OK  [0m] Reached target Swap.
[   22.003255] systemd[1]: Reached target System Time Synchronized.
[[0;32m  OK  [0m] Reached target System Time Synchronized.
[   22.037553] systemd[1]: Started Forward Password Requests to Wall Directory Watch.
[[0;32m  OK  [0m] Started Forward Password Requests to Wall Directory Watch.
[   22.075051] systemd[1]: Reached target Mounting snaps.
[[0;32m  OK  [0m] Reached target Mounting snaps.
[[0;32m  OK  [0m] Reached target Mounted snaps.
[[0;32m  OK  [0m] Reached target User and Group Name Lookups.
[[0;32m  OK  [0m] Created slice System Slice.
[[0;32m  OK  [0m] Reached target Slices.
[[0;32m  OK  [0m] Listening on LVM2 metadata daemon socket.
[[0;32m  OK  [0m] Listening on udev Control Socket.
[[0;32m  OK  [0m] Listening on Journal Socket.
         Starting Uncomplicated firewall...
         Starting Set the console keyboard layout...
[[0;32m  OK  [0m] Listening on LVM2 poll daemon socket.
         Starting Create list of required st…ce nodes for the current kernel...
[[0;32m  OK  [0m] Listening on Journal Socket (/dev/log).
[[0;32m  OK  [0m] Listening on Network Service Netlink Socket.
[[0;32m  OK  [0m] Listening on Journal Audit Socket.
[[0;32m  OK  [0m] Listening on Syslog Socket.
         Starting Journal Service...
         Mounting Kernel Debug File System...
[[0;32m  OK  [0m] Listening on /dev/initctl Compatibility Named Pipe.
[[0;32m  OK  [0m] Listening on udev Kernel Socket.
[[0;32m  OK  [0m] Listening on fsck to fsckd communication Socket.
         Starting File System Check on Root Device...
         Mounting Huge Pages File System...
         Mounting POSIX Message Queue File System...
         Starting Load Kernel Modules...
         Starting udev Coldplug all Devices...
[[0;32m  OK  [0m] Created slice system-serial\x2dgetty.slice.
[[0;32m  OK  [0m] Listening on Device-mapper event daemon FIFOs.
         Starting Monitoring of LVM2 mirrors…ng dmeventd or progress polling...
[[0;32m  OK  [0m] Started Journal Service.
[   22.730386] Loading iSCSI transport class v2.0-870.
[[0;32m  OK  [0m] Started Uncomplicated firewall.
[[0;32m  OK  [0m] Started Set the console keyboard layout.
[[0;32m  OK  [0m] Started Create list of required sta…vice nodes for the current kernel.
[[0;32m  OK  [0m] Mounted Kernel Debug File System.
[[0;32m  OK  [0m] Started File System Check on Root Device.
[[0;32m  OK  [0m] Mounted Huge Pages File System.
[[0;32m  OK  [0m] Mounted POSIX Message Queue File System.
[   22.877289] iscsi: registered transport (tcp)
[[0;32m  OK  [0m] Started LVM2 metadata daemon.
[[0;32m  OK  [0m] Started File System Check Daemon to report status.
         Starting Remount Root and Kernel File Systems...
         Starting Create Static Device Nodes in /dev...
[   22.983129] EXT4-fs (sda1): re-mounted. Opts: (null)
[[0;32m  OK  [0m] Started Remount Root and Kernel File Systems.
         Starting Load/Save Random Seed...
         Starting Flush Journal to Persistent Storage...
[[0;32m  OK  [0m] Started Monitoring of LVM2 mirrors,…sing dmeventd or progress polling.
[[0;32m  OK  [0m] Started Load/Save Random Seed.
[   23.148634] systemd-journald[413]: Received request to flush runtime journal from PID 1
[[0;32m  OK  [0m] Started udev Coldplug all Devices.
[[0;32m  OK  [0m] Started Create Static Device Nodes in /dev.
[[0;32m  OK  [0m] Reached target Local File Systems (Pre).
[   23.258504] systemd-journald[413]: File /var/log/journal/c0e22b623b67467386882e21cf00fd0b/system.journal corrupted or uncleanly shut down, renaming and replacing.
[[0;32m  OK  [0m] Reached target Local File Systems.[   23.315576] iscsi: registered transport (iser)

         Starting Tell Plymouth To Write Out Runtime Data...
         Starting ebtables ruleset management...
         Starting AppArmor initialization...
         Starting Set console font and keymap...
         Starting udev Kernel Device Manager...
[[0;32m  OK  [0m] Started Load Kernel Modules.
[[0;32m  OK  [0m] Started Tell Plymouth To Write Out Runtime Data.
[[0;32m  OK  [0m] Started Flush Journal to Persistent Storage.
         Starting Create Volatile Files and Directories...
         Mounting Kernel Configuration File System...
         Starting Apply Kernel Variables...
         Mounting FUSE Control File System...
[[0;32m  OK  [0m] Started Set console font and keymap.
[[0;32m  OK  [0m] Mounted Kernel Configuration File System.
[[0;32m  OK  [0m] Mounted FUSE Control File System.
[[0;32m  OK  [0m] Started Create Volatile Files and Directories.
         Starting Update UTMP about System Boot/Shutdown...
[[0;32m  OK  [0m] Started udev Kernel Device Manager.
[[0;32m  OK  [0m] Started Dispatch Password Requests to Console Directory Watch.
[[0;32m  OK  [0m] Reached target Local Encrypted Volumes.
[[0;32m  OK  [0m] Started Apply Kernel Variables.
[[0;32m  OK  [0m] Started Update UTMP about System Boot/Shutdown.
[[0;32m  OK  [0m] Started ebtables ruleset management.
[[0;32m  OK  [0m] Started AppArmor initialization.
         Starting Load AppArmor profiles managed internally by snapd...
         Starting Initial cloud-init job (pre-networking)...
         Mounting Arbitrary Executable File Formats File System...
[[0;32m  OK  [0m] Mounted Arbitrary Executable File Formats File System.
[[0;32m  OK  [0m] Started Load AppArmor profiles managed internally by snapd.
[[0;32m  OK  [0m] Found device /dev/ttyS0.
[[0;32m  OK  [0m] Listening on Load/Save RF Kill Switch Status /dev/rfkill Watch.
[   29.186156] cloud-init[525]: Cloud-init v. 23.1.2-0ubuntu0~18.04.1 running 'init-local' at Sun, 05 Nov 2023 20:45:04 +0000. Up 28.66 seconds.
[[0;32m  OK  [0m] Started Initial cloud-init job (pre-networking).
[[0;32m  OK  [0m] Reached target Network (Pre).
         Starting Network Service...
[[0;32m  OK  [0m] Started Network Service.
         Starting Network Name Resolution...
         Starting Wait for Network to be Configured...
[[0;32m  OK  [0m] Started Network Name Resolution.
[[0;32m  OK  [0m] Reached target Network.
[[0;32m  OK  [0m] Reached target Host and Network Name Lookups.
[[0;32m  OK  [0m] Started Wait for Network to be Configured.
         Starting Initial cloud-init job (metadata service crawler)...
[   32.687244] cloud-init[669]: Cloud-init v. 23.1.2-0ubuntu0~18.04.1 running 'init' at Sun, 05 Nov 2023 20:45:08 +0000. Up 32.17 seconds.
[   32.704737] cloud-init[669]: ci-info: ++++++++++++++++++++++++++++++++++++++Net device info++++++++++++++++++++++++++++++++++++++
[   32.717661] cloud-init[669]: ci-info: +--------+------+----------------------------+---------------+--------+-------------------+
[   32.727026] cloud-init[669]: ci-info: | Device |  Up  |          Address           |      Mask     | Scope  |     Hw-Address    |
[   32.741054] cloud-init[669]: ci-info: +--------+------+----------------------------+---------------+--------+-------------------+
[   32.751369] cloud-init[669]: ci-info: | enp0s3 | True |         10.0.2.15          | 255.255.255.0 | global | 02:3b:7b:b7:3b:2d |
[   32.759536] cloud-init[669]: ci-info: | enp0s3 | True | fe80::3b:7bff:feb7:3b2d/64 |       .       |  link  | 02:3b:7b:b7:3b:2d |
[   32.769476] cloud-init[669]: ci-info: |   lo   | True |         127.0.0.1          |   255.0.0.0   |  host  |         .         |
[   32.777909] cloud-init[669]: ci-info: |   lo   | True |          ::1/128           |       .       |  host  |         .         |
[   32.786877] cloud-init[669]: ci-info: +--------+------+----------------------------+---------------+--------+-------------------+
[   32.797024] cloud-init[669]: ci-info: ++++++++++++++++++++++++++++Route IPv4 info+++++++++++++++++++++++++++++
[   32.804597] cloud-init[669]: ci-info: +-------+-------------+----------+-----------------+-----------+-------+
[   32.811482] cloud-init[669]: ci-info: | Route | Destination | Gateway  |     Genmask     | Interface | Flags |
[   32.820483] cloud-init[669]: ci-info: +-------+-------------+----------+-----------------+-----------+-------+
[   32.826932] cloud-init[669]: ci-info: |   0   |   0.0.0.0   | 10.0.2.2 |     0.0.0.0     |   enp0s3  |   UG  |
[   32.835330] cloud-init[669]: ci-info: |   1   |   10.0.2.0  | 0.0.0.0  |  255.255.255.0  |   enp0s3  |   U   |
[   32.841512] cloud-init[669]: ci-info: |   2   |   10.0.2.2  | 0.0.0.0  | 255.255.255.255 |   enp0s3  |   UH  |
[   32.850838] cloud-init[669]: ci-info: +-------+-------------+----------+-----------------+-----------+-------+
[   32.858561] cloud-init[669]: ci-info: +++++++++++++++++++Route IPv6 info+++++++++++++++++++
[   32.866230] cloud-init[669]: ci-info: +-------+-------------+---------+-----------+-------+
[   32.872978] cloud-init[669]: ci-info: | Route | Destination | Gateway | Interface | Flags |
[   32.878941] cloud-init[669]: ci-info: +-------+-------------+---------+-----------+-------+
[   32.886429] cloud-init[669]: ci-info: |   1   |  fe80::/64  |    ::   |   enp0s3  |   U   |
[   32.894477] cloud-init[669]: ci-info: |   3   |    local    |    ::   |   enp0s3  |   U   |
[   32.905418] cloud-init[669]: ci-info: |   4   |   ff00::/8  |    ::   |   enp0s3  |   U   |
[   32.910770] cloud-init[669]: ci-info: +-------+-------------+---------+-----------+-------+
[[0;32m  OK  [0m] Started Initial cloud-init job (metadata service crawler).
[[0;32m  OK  [0m] Reached target Network is Online.
         Starting Availability of block devices...
[[0;32m  OK  [0m] Reached target Remote File Systems (Pre).
         Mounting /vagrant...
[[0;32m  OK  [0m] Reached target System Initialization.
[[0;32m  OK  [0m] Started Daily Cleanup of Temporary Directories.
[[0;32m  OK  [0m] Listening on D-Bus System Message Bus Socket.
[[0;32m  OK  [0m] Listening on Open-iSCSI iscsid Socket.
         Starting LXD - unix socket.
[[0;32m  OK  [0m] Started ACPI Events Check.
[[0;32m  OK  [0m] Reached target Paths.
[[0;32m  OK  [0m] Started Message of the Day.
[[0;32m  OK  [0m] Started Daily apt download activities.
[[0;32m  OK  [0m] Started Daily apt upgrade and clean activities.
[[0;32m  OK  [0m] Listening on ACPID Listen Socket.
[[0;32m  OK  [0m] Listening on UUID daemon activation socket.
[[0;32m  OK  [0m] Started Discard unused blocks once a week.
         Starting Socket activation for snappy daemon.
         Starting Docker Socket for the API.
[[0;32m  OK  [0m] Listening on cloud-init hotplug hook socket.
[[0;32m  OK  [0m] Started Ubuntu Advantage Timer for running repeated jobs.
[[0;32m  OK  [0m] Reached target Timers.
[[0;32m  OK  [0m] Reached target Cloud-config availability.
[[0;32m  OK  [0m] Started Availability of block devices.
[[0;32m  OK  [0m] Listening on LXD - unix socket.
[[0;32m  OK  [0m] Listening on Socket activation for snappy daemon.
[[0;32m  OK  [0m] Listening on Docker Socket for the API.
[[0;32m  OK  [0m] Reached target Sockets.
[[0;32m  OK  [0m] Reached target Basic System.
         Starting Accounts Service...
[[0;32m  OK  [0m] Started D-Bus System Message Bus.
         Starting Jenkins Continuous Integration Server...
[[0;32m  OK  [0m] Reached target Login Prompts (Pre).
         Starting LXD - container startup/shutdown...
         Starting LSB: Record successful boot for GRUB...
         Starting Login Service...
         Starting containerd container runtime...
[[0;32m  OK  [0m] Started FUSE filesystem for LXC.
         Starting System Logging Service...
         Starting Dispatcher daemon for systemd-networkd...
         Starting Virtualbox guest utils...
[[0;32m  OK  [0m] Started Deferred execution scheduler.
         Starting OpenBSD Secure Shell server...
[[0;32m  OK  [0m] Started Regular background program processing daemon.
         Starting Snap Daemon...
[[0;32m  OK  [0m] Started irqbalance daemon.
[[0;32m  OK  [0m] Started System Logging Service.
[[0;32m  OK  [0m] Mounted /vagrant.
[[0;32m  OK  [0m] Started Login Service.
         Starting Authorization Manager...
[[0;32m  OK  [0m] Started Unattended Upgrades Shutdown.
[[0;32m  OK  [0m] Reached target Remote File Systems.
         Starting LSB: automatic crash report generation...
         Starting Permit User Sessions...
[[0;32m  OK  [0m] Started Permit User Sessions.
         Starting Hold until boot process finishes up...
         Starting Terminate Plymouth Boot Screen...
[[0;32m  OK  [0m] Started Hold until boot process finishes up.
[[0;32m  OK  [0m] Started Serial Getty on ttyS0.
         Starting Set console scheme...
[[0;32m  OK  [0m] Started Authorization Manager.
[[0;32m  OK  [0m] Started Terminate Plymouth Boot Screen.
[[0;32m  OK  [0m] Started Accounts Service.
[[0;32m  OK  [0m] Started Set console scheme.
[[0;32m  OK  [0m] Created slice system-getty.slice.
[[0;32m  OK  [0m] Started Getty on tty1.
[[0;32m  OK  [0m] Reached target Login Prompts.
[[0;32m  OK  [0m] Started LSB: Record successful boot for GRUB.
[[0;32m  OK  [0m] Started OpenBSD Secure Shell server.
[[0;32m  OK  [0m] Started LSB: automatic crash report generation.
[[0;32m  OK  [0m] Started Virtualbox guest utils.
[[0;32m  OK  [0m] Started LXD - container startup/shutdown.
[[0;32m  OK  [0m] Started Dispatcher daemon for systemd-networkd.
[[0;32m  OK  [0m] Started containerd container runtime.
         Starting Docker Application Container Engine...
[[0;32m  OK  [0m] Started Snap Daemon.
         Starting Wait until snapd is fully seeded...
         Starting Time & Date Service...
[[0;32m  OK  [0m] Started Time & Date Service.
[[0;32m  OK  [0m] Started Wait until snapd is fully seeded.
         Starting Apply the settings specified in cloud-config...

Ubuntu 18.04.6 LTS ubuntu-bionic ttyS0

ubuntu-bionic login: [   42.895296] cloud-init[1153]: Cloud-init v. 23.1.2-0ubuntu0~18.04.1 running 'modules:config' at Sun, 05 Nov 2023 20:45:17 +0000. Up 41.87 seconds.
[  101.805096] cloud-init[2919]: Cloud-init v. 23.1.2-0ubuntu0~18.04.1 running 'modules:final' at Sun, 05 Nov 2023 20:46:16 +0000. Up 100.42 seconds.
[  101.805995] cloud-init[2919]: Cloud-init v. 23.1.2-0ubuntu0~18.04.1 finished at Sun, 05 Nov 2023 20:46:17 +0000. Datasource DataSourceNoCloud [seed=/dev/sdb][dsmode=net].  Up 101.72 seconds
